This file contains any messages produced by compilers while
running configure, to aid debugging if configure makes a mistake.

It was created by mnetlib configure 0.2.0, which was
generated by GNU Autoconf 2.67.  Invocation command line was

  $ ./configure 

## --------- ##
## Platform. ##
## --------- ##

hostname = fuso
uname -m = x86_64
uname -r = 2.6.38-12-generic
uname -s = Linux
uname -v = #51-Ubuntu SMP Wed Sep 28 14:27:32 UTC 2011

/usr/bin/uname -p = unknown
/bin/uname -X     = unknown

/bin/arch              = unknown
/usr/bin/arch -k       = unknown
/usr/convex/getsysinfo = unknown
/usr/bin/hostinfo      = unknown
/bin/machine           = unknown
/usr/bin/oslevel       = unknown
/bin/universe          = unknown

PATH: /usr/local/sbin
PATH: /usr/local/bin
PATH: /usr/sbin
PATH: /usr/bin
PATH: /sbin
PATH: /bin
PATH: /usr/games


## ----------- ##
## Core tests. ##
## ----------- ##

configure:2539: checking for a BSD-compatible install
configure:2607: result: /usr/bin/install -c
configure:2618: checking whether build environment is sane
configure:2668: result: yes
configure:2809: checking for a thread-safe mkdir -p
configure:2848: result: /bin/mkdir -p
configure:2861: checking for gawk
configure:2891: result: no
configure:2861: checking for mawk
configure:2877: found /usr/bin/mawk
configure:2888: result: mawk
configure:2899: checking whether make sets $(MAKE)
configure:2921: result: yes
configure:3065: checking for g++
configure:3081: found /usr/bin/g++
configure:3092: result: g++
configure:3119: checking for C++ compiler version
configure:3128: g++ --version >&5
g++ (Ubuntu/Linaro 4.5.2-8ubuntu4) 4.5.2
Copyright (C) 2010 Free Software Foundation, Inc.
This is free software; see the source for copying conditions.  There is NO
warranty; not even for MERCHANTABILITY or FITNESS FOR A PARTICULAR PURPOSE.

configure:3139: $? = 0
configure:3128: g++ -v >&5
Using built-in specs.
COLLECT_GCC=g++
COLLECT_LTO_WRAPPER=/usr/lib/x86_64-linux-gnu/gcc/x86_64-linux-gnu/4.5.2/lto-wrapper
Target: x86_64-linux-gnu
Configured with: ../src/configure -v --with-pkgversion='Ubuntu/Linaro 4.5.2-8ubuntu4' --with-bugurl=file:///usr/share/doc/gcc-4.5/README.Bugs --enable-languages=c,c++,fortran,objc,obj-c++ --prefix=/usr --program-suffix=-4.5 --enable-shared --enable-multiarch --with-multiarch-defaults=x86_64-linux-gnu --enable-linker-build-id --with-system-zlib --libexecdir=/usr/lib/x86_64-linux-gnu --without-included-gettext --enable-threads=posix --with-gxx-include-dir=/usr/include/c++/4.5 --libdir=/usr/lib/x86_64-linux-gnu --enable-nls --with-sysroot=/ --enable-clocale=gnu --enable-libstdcxx-debug --enable-libstdcxx-time=yes --enable-plugin --enable-gold --enable-ld=default --with-plugin-ld=ld.gold --enable-objc-gc --disable-werror --with-arch-32=i686 --with-tune=generic --enable-checking=release --build=x86_64-linux-gnu --host=x86_64-linux-gnu --target=x86_64-linux-gnu
Thread model: posix
gcc version 4.5.2 (Ubuntu/Linaro 4.5.2-8ubuntu4) 
configure:3139: $? = 0
configure:3128: g++ -V >&5
g++: '-V' option must have argument
configure:3139: $? = 1
configure:3128: g++ -qversion >&5
g++: unrecognized option '-qversion'
g++: no input files
configure:3139: $? = 1
configure:3159: checking whether the C++ compiler works
configure:3181: g++    conftest.cpp  >&5
configure:3185: $? = 0
configure:3233: result: yes
configure:3236: checking for C++ compiler default output file name
configure:3238: result: a.out
configure:3244: checking for suffix of executables
configure:3251: g++ -o conftest    conftest.cpp  >&5
configure:3255: $? = 0
configure:3277: result: 
configure:3299: checking whether we are cross compiling
configure:3307: g++ -o conftest    conftest.cpp  >&5
configure:3311: $? = 0
configure:3318: ./conftest
configure:3322: $? = 0
configure:3337: result: no
configure:3342: checking for suffix of object files
configure:3364: g++ -c   conftest.cpp >&5
configure:3368: $? = 0
configure:3389: result: o
configure:3393: checking whether we are using the GNU C++ compiler
configure:3412: g++ -c   conftest.cpp >&5
configure:3412: $? = 0
configure:3421: result: yes
configure:3430: checking whether g++ accepts -g
configure:3450: g++ -c -g  conftest.cpp >&5
configure:3450: $? = 0
configure:3491: result: yes
configure:3525: checking for style of include used by make
configure:3553: result: GNU
configure:3578: checking dependency style of g++
configure:3688: result: gcc3
configure:3751: checking for gcc
configure:3767: found /usr/bin/gcc
configure:3778: result: gcc
configure:4007: checking for C compiler version
configure:4016: gcc --version >&5
gcc (Ubuntu/Linaro 4.5.2-8ubuntu4) 4.5.2
Copyright (C) 2010 Free Software Foundation, Inc.
This is free software; see the source for copying conditions.  There is NO
warranty; not even for MERCHANTABILITY or FITNESS FOR A PARTICULAR PURPOSE.

configure:4027: $? = 0
configure:4016: gcc -v >&5
Using built-in specs.
COLLECT_GCC=gcc
COLLECT_LTO_WRAPPER=/usr/lib/x86_64-linux-gnu/gcc/x86_64-linux-gnu/4.5.2/lto-wrapper
Target: x86_64-linux-gnu
Configured with: ../src/configure -v --with-pkgversion='Ubuntu/Linaro 4.5.2-8ubuntu4' --with-bugurl=file:///usr/share/doc/gcc-4.5/README.Bugs --enable-languages=c,c++,fortran,objc,obj-c++ --prefix=/usr --program-suffix=-4.5 --enable-shared --enable-multiarch --with-multiarch-defaults=x86_64-linux-gnu --enable-linker-build-id --with-system-zlib --libexecdir=/usr/lib/x86_64-linux-gnu --without-included-gettext --enable-threads=posix --with-gxx-include-dir=/usr/include/c++/4.5 --libdir=/usr/lib/x86_64-linux-gnu --enable-nls --with-sysroot=/ --enable-clocale=gnu --enable-libstdcxx-debug --enable-libstdcxx-time=yes --enable-plugin --enable-gold --enable-ld=default --with-plugin-ld=ld.gold --enable-objc-gc --disable-werror --with-arch-32=i686 --with-tune=generic --enable-checking=release --build=x86_64-linux-gnu --host=x86_64-linux-gnu --target=x86_64-linux-gnu
Thread model: posix
gcc version 4.5.2 (Ubuntu/Linaro 4.5.2-8ubuntu4) 
configure:4027: $? = 0
configure:4016: gcc -V >&5
gcc: '-V' option must have argument
configure:4027: $? = 1
configure:4016: gcc -qversion >&5
gcc: unrecognized option '-qversion'
gcc: no input files
configure:4027: $? = 1
configure:4031: checking whether we are using the GNU C compiler
configure:4050: gcc -c   conftest.c >&5
configure:4050: $? = 0
configure:4059: result: yes
configure:4068: checking whether gcc accepts -g
configure:4088: gcc -c -g  conftest.c >&5
configure:4088: $? = 0
configure:4129: result: yes
configure:4146: checking for gcc option to accept ISO C89
configure:4210: gcc  -c -g -O2  conftest.c >&5
configure:4210: $? = 0
configure:4223: result: none needed
configure:4245: checking dependency style of gcc
configure:4355: result: gcc3
configure:4399: checking build system type
configure:4413: result: x86_64-unknown-linux-gnu
configure:4433: checking host system type
configure:4446: result: x86_64-unknown-linux-gnu
configure:4466: checking for a sed that does not truncate output
configure:4530: result: /bin/sed
configure:4548: checking for grep that handles long lines and -e
configure:4606: result: /bin/grep
configure:4611: checking for egrep
configure:4673: result: /bin/grep -E
configure:4678: checking for fgrep
configure:4740: result: /bin/grep -F
configure:4775: checking for ld used by gcc
configure:4842: result: /usr/bin/ld
configure:4849: checking if the linker (/usr/bin/ld) is GNU ld
configure:4864: result: yes
configure:4876: checking for BSD- or MS-compatible name lister (nm)
configure:4925: result: /usr/bin/nm -B
configure:5043: checking the name lister (/usr/bin/nm -B) interface
configure:5050: gcc -c -g -O2  conftest.c >&5
configure:5053: /usr/bin/nm -B "conftest.o"
configure:5056: output
0000000000000000 B some_variable
configure:5063: result: BSD nm
configure:5066: checking whether ln -s works
configure:5070: result: yes
configure:5078: checking the maximum length of command line arguments
configure:5198: result: 1572864
configure:5215: checking whether the shell understands some XSI constructs
configure:5225: result: yes
configure:5229: checking whether the shell understands "+="
configure:5235: result: yes
configure:5270: checking for /usr/bin/ld option to reload object files
configure:5277: result: -r
configure:5346: checking for objdump
configure:5362: found /usr/bin/objdump
configure:5373: result: objdump
configure:5405: checking how to recognize dependent libraries
configure:5601: result: pass_all
configure:5661: checking for ar
configure:5677: found /usr/bin/ar
configure:5688: result: ar
configure:5766: checking for strip
configure:5782: found /usr/bin/strip
configure:5793: result: strip
configure:5865: checking for ranlib
configure:5881: found /usr/bin/ranlib
configure:5892: result: ranlib
configure:5982: checking command to parse /usr/bin/nm -B output from gcc object
configure:6100: gcc -c -g -O2  conftest.c >&5
configure:6103: $? = 0
configure:6107: /usr/bin/nm -B conftest.o \| sed -n -e 's/^.*[	 ]\([ABCDGIRSTW][ABCDGIRSTW]*\)[	 ][	 ]*\([_A-Za-z][_A-Za-z0-9]*\)$/\1 \2 \2/p' \> conftest.nm
configure:6110: $? = 0
configure:6164: gcc -o conftest -g -O2   conftest.c conftstm.o >&5
configure:6167: $? = 0
configure:6205: result: ok
configure:6301: gcc -c -g -O2  conftest.c >&5
configure:6304: $? = 0
configure:7014: checking how to run the C preprocessor
configure:7045: gcc -E  conftest.c
configure:7045: $? = 0
configure:7059: gcc -E  conftest.c
conftest.c:11:28: fatal error: ac_nonexistent.h: No such file or directory
compilation terminated.
configure:7059: $? = 1
configure: failed program was:
| /* confdefs.h */
| #define PACKAGE_NAME "mnetlib"
| #define PACKAGE_TARNAME "mnetlib"
| #define PACKAGE_VERSION "0.2.0"
| #define PACKAGE_STRING "mnetlib 0.2.0"
| #define PACKAGE_BUGREPORT "mnetlib@googlecode.com"
| #define PACKAGE_URL ""
| #define PACKAGE "mnetlib"
| #define VERSION "0.2.0"
| /* end confdefs.h.  */
| #include <ac_nonexistent.h>
configure:7084: result: gcc -E
configure:7104: gcc -E  conftest.c
configure:7104: $? = 0
configure:7118: gcc -E  conftest.c
conftest.c:11:28: fatal error: ac_nonexistent.h: No such file or directory
compilation terminated.
configure:7118: $? = 1
configure: failed program was:
| /* confdefs.h */
| #define PACKAGE_NAME "mnetlib"
| #define PACKAGE_TARNAME "mnetlib"
| #define PACKAGE_VERSION "0.2.0"
| #define PACKAGE_STRING "mnetlib 0.2.0"
| #define PACKAGE_BUGREPORT "mnetlib@googlecode.com"
| #define PACKAGE_URL ""
| #define PACKAGE "mnetlib"
| #define VERSION "0.2.0"
| /* end confdefs.h.  */
| #include <ac_nonexistent.h>
configure:7147: checking for ANSI C header files
configure:7167: gcc -c -g -O2  conftest.c >&5
configure:7167: $? = 0
configure:7240: gcc -o conftest -g -O2   conftest.c  >&5
configure:7240: $? = 0
configure:7240: ./conftest
configure:7240: $? = 0
configure:7251: result: yes
configure:7264: checking for sys/types.h
configure:7264: gcc -c -g -O2  conftest.c >&5
configure:7264: $? = 0
configure:7264: result: yes
configure:7264: checking for sys/stat.h
configure:7264: gcc -c -g -O2  conftest.c >&5
configure:7264: $? = 0
configure:7264: result: yes
configure:7264: checking for stdlib.h
configure:7264: gcc -c -g -O2  conftest.c >&5
configure:7264: $? = 0
configure:7264: result: yes
configure:7264: checking for string.h
configure:7264: gcc -c -g -O2  conftest.c >&5
configure:7264: $? = 0
configure:7264: result: yes
configure:7264: checking for memory.h
configure:7264: gcc -c -g -O2  conftest.c >&5
configure:7264: $? = 0
configure:7264: result: yes
configure:7264: checking for strings.h
configure:7264: gcc -c -g -O2  conftest.c >&5
configure:7264: $? = 0
configure:7264: result: yes
configure:7264: checking for inttypes.h
configure:7264: gcc -c -g -O2  conftest.c >&5
configure:7264: $? = 0
configure:7264: result: yes
configure:7264: checking for stdint.h
configure:7264: gcc -c -g -O2  conftest.c >&5
configure:7264: $? = 0
configure:7264: result: yes
configure:7264: checking for unistd.h
configure:7264: gcc -c -g -O2  conftest.c >&5
configure:7264: $? = 0
configure:7264: result: yes
configure:7278: checking for dlfcn.h
configure:7278: gcc -c -g -O2  conftest.c >&5
configure:7278: $? = 0
configure:7278: result: yes
configure:7403: checking for C++ compiler version
configure:7412: g++ --version >&5
g++ (Ubuntu/Linaro 4.5.2-8ubuntu4) 4.5.2
Copyright (C) 2010 Free Software Foundation, Inc.
This is free software; see the source for copying conditions.  There is NO
warranty; not even for MERCHANTABILITY or FITNESS FOR A PARTICULAR PURPOSE.

configure:7423: $? = 0
configure:7412: g++ -v >&5
Using built-in specs.
COLLECT_GCC=g++
COLLECT_LTO_WRAPPER=/usr/lib/x86_64-linux-gnu/gcc/x86_64-linux-gnu/4.5.2/lto-wrapper
Target: x86_64-linux-gnu
Configured with: ../src/configure -v --with-pkgversion='Ubuntu/Linaro 4.5.2-8ubuntu4' --with-bugurl=file:///usr/share/doc/gcc-4.5/README.Bugs --enable-languages=c,c++,fortran,objc,obj-c++ --prefix=/usr --program-suffix=-4.5 --enable-shared --enable-multiarch --with-multiarch-defaults=x86_64-linux-gnu --enable-linker-build-id --with-system-zlib --libexecdir=/usr/lib/x86_64-linux-gnu --without-included-gettext --enable-threads=posix --with-gxx-include-dir=/usr/include/c++/4.5 --libdir=/usr/lib/x86_64-linux-gnu --enable-nls --with-sysroot=/ --enable-clocale=gnu --enable-libstdcxx-debug --enable-libstdcxx-time=yes --enable-plugin --enable-gold --enable-ld=default --with-plugin-ld=ld.gold --enable-objc-gc --disable-werror --with-arch-32=i686 --with-tune=generic --enable-checking=release --build=x86_64-linux-gnu --host=x86_64-linux-gnu --target=x86_64-linux-gnu
Thread model: posix
gcc version 4.5.2 (Ubuntu/Linaro 4.5.2-8ubuntu4) 
configure:7423: $? = 0
configure:7412: g++ -V >&5
g++: '-V' option must have argument
configure:7423: $? = 1
configure:7412: g++ -qversion >&5
g++: unrecognized option '-qversion'
g++: no input files
configure:7423: $? = 1
configure:7427: checking whether we are using the GNU C++ compiler
configure:7455: result: yes
configure:7464: checking whether g++ accepts -g
configure:7525: result: yes
configure:7550: checking dependency style of g++
configure:7660: result: gcc3
configure:7683: checking how to run the C++ preprocessor
configure:7710: g++ -E  conftest.cpp
configure:7710: $? = 0
configure:7724: g++ -E  conftest.cpp
conftest.cpp:22:28: fatal error: ac_nonexistent.h: No such file or directory
compilation terminated.
configure:7724: $? = 1
configure: failed program was:
| /* confdefs.h */
| #define PACKAGE_NAME "mnetlib"
| #define PACKAGE_TARNAME "mnetlib"
| #define PACKAGE_VERSION "0.2.0"
| #define PACKAGE_STRING "mnetlib 0.2.0"
| #define PACKAGE_BUGREPORT "mnetlib@googlecode.com"
| #define PACKAGE_URL ""
| #define PACKAGE "mnetlib"
| #define VERSION "0.2.0"
| #define STDC_HEADERS 1
| #define HAVE_SYS_TYPES_H 1
| #define HAVE_SYS_STAT_H 1
| #define HAVE_STDLIB_H 1
| #define HAVE_STRING_H 1
| #define HAVE_MEMORY_H 1
| #define HAVE_STRINGS_H 1
| #define HAVE_INTTYPES_H 1
| #define HAVE_STDINT_H 1
| #define HAVE_UNISTD_H 1
| #define HAVE_DLFCN_H 1
| /* end confdefs.h.  */
| #include <ac_nonexistent.h>
configure:7749: result: g++ -E
configure:7769: g++ -E  conftest.cpp
configure:7769: $? = 0
configure:7783: g++ -E  conftest.cpp
conftest.cpp:22:28: fatal error: ac_nonexistent.h: No such file or directory
compilation terminated.
configure:7783: $? = 1
configure: failed program was:
| /* confdefs.h */
| #define PACKAGE_NAME "mnetlib"
| #define PACKAGE_TARNAME "mnetlib"
| #define PACKAGE_VERSION "0.2.0"
| #define PACKAGE_STRING "mnetlib 0.2.0"
| #define PACKAGE_BUGREPORT "mnetlib@googlecode.com"
| #define PACKAGE_URL ""
| #define PACKAGE "mnetlib"
| #define VERSION "0.2.0"
| #define STDC_HEADERS 1
| #define HAVE_SYS_TYPES_H 1
| #define HAVE_SYS_STAT_H 1
| #define HAVE_STDLIB_H 1
| #define HAVE_STRING_H 1
| #define HAVE_MEMORY_H 1
| #define HAVE_STRINGS_H 1
| #define HAVE_INTTYPES_H 1
| #define HAVE_STDINT_H 1
| #define HAVE_UNISTD_H 1
| #define HAVE_DLFCN_H 1
| /* end confdefs.h.  */
| #include <ac_nonexistent.h>
configure:7989: checking for objdir
configure:8004: result: .libs
configure:8296: checking if gcc supports -fno-rtti -fno-exceptions
configure:8314: gcc -c -g -O2  -fno-rtti -fno-exceptions conftest.c >&5
cc1: warning: command line option "-fno-rtti" is valid for C++/ObjC++ but not for C
configure:8318: $? = 0
configure:8331: result: no
configure:8351: checking for gcc option to produce PIC
configure:8623: result: -fPIC -DPIC
configure:8635: checking if gcc PIC flag -fPIC -DPIC works
configure:8653: gcc -c -g -O2  -fPIC -DPIC -DPIC conftest.c >&5
configure:8657: $? = 0
configure:8670: result: yes
configure:8694: checking if gcc static flag -static works
configure:8722: result: yes
configure:8737: checking if gcc supports -c -o file.o
configure:8758: gcc -c -g -O2  -o out/conftest2.o conftest.c >&5
configure:8762: $? = 0
configure:8784: result: yes
configure:8792: checking if gcc supports -c -o file.o
configure:8839: result: yes
configure:8872: checking whether the gcc linker (/usr/bin/ld -m elf_x86_64) supports shared libraries
configure:9863: result: yes
configure:9900: checking whether -lc should be explicitly linked in
configure:9905: gcc -c -g -O2  conftest.c >&5
configure:9908: $? = 0
configure:9923: gcc -shared conftest.o  -v -Wl,-soname -Wl,conftest -o conftest 2\>\&1 \| /bin/grep  -lc  \>/dev/null 2\>\&1
configure:9926: $? = 0
configure:9938: result: no
configure:10102: checking dynamic linker characteristics
configure:10535: gcc -o conftest -g -O2   -Wl,-rpath -Wl,/foo conftest.c  >&5
configure:10535: $? = 0
configure:10765: result: GNU/Linux ld.so
configure:10867: checking how to hardcode library paths into programs
configure:10892: result: immediate
configure:11412: checking whether stripping libraries is possible
configure:11417: result: yes
configure:11452: checking if libtool supports shared libraries
configure:11454: result: yes
configure:11457: checking whether to build shared libraries
configure:11478: result: yes
configure:11481: checking whether to build static libraries
configure:11485: result: yes
configure:11635: checking for ld used by g++
configure:11702: result: /usr/bin/ld -m elf_x86_64
configure:11709: checking if the linker (/usr/bin/ld -m elf_x86_64) is GNU ld
configure:11724: result: yes
configure:11779: checking whether the g++ linker (/usr/bin/ld -m elf_x86_64) supports shared libraries
configure:12692: result: yes
configure:12720: g++ -c -g -O2  conftest.cpp >&5
configure:12723: $? = 0
configure:12905: checking for g++ option to produce PIC
configure:13222: result: -fPIC -DPIC
configure:13231: checking if g++ PIC flag -fPIC -DPIC works
configure:13249: g++ -c -g -O2  -fPIC -DPIC -DPIC conftest.cpp >&5
configure:13253: $? = 0
configure:13266: result: yes
configure:13287: checking if g++ static flag -static works
configure:13315: result: yes
configure:13327: checking if g++ supports -c -o file.o
configure:13348: g++ -c -g -O2  -o out/conftest2.o conftest.cpp >&5
configure:13352: $? = 0
configure:13374: result: yes
configure:13379: checking if g++ supports -c -o file.o
configure:13426: result: yes
configure:13456: checking whether the g++ linker (/usr/bin/ld -m elf_x86_64) supports shared libraries
configure:13485: result: yes
configure:13622: checking dynamic linker characteristics
configure:14003: g++ -o conftest -g -O2   -Wl,-rpath -Wl,/foo conftest.cpp  >&5
configure:14003: $? = 0
configure:14233: result: GNU/Linux ld.so
configure:14284: checking how to hardcode library paths into programs
configure:14309: result: immediate
configure:14410: checking for ranlib
configure:14437: result: ranlib
configure:14465: checking for ANSI C header files
configure:14569: result: yes
configure:14580: checking for stdlib.h
configure:14580: result: yes
configure:14580: checking sys/time.h usability
configure:14580: gcc -c -g -O2  conftest.c >&5
configure:14580: $? = 0
configure:14580: result: yes
configure:14580: checking sys/time.h presence
configure:14580: gcc -E  conftest.c
configure:14580: $? = 0
configure:14580: result: yes
configure:14580: checking for sys/time.h
configure:14580: result: yes
configure:14580: checking sys/timeb.h usability
configure:14580: gcc -c -g -O2  conftest.c >&5
configure:14580: $? = 0
configure:14580: result: yes
configure:14580: checking sys/timeb.h presence
configure:14580: gcc -E  conftest.c
configure:14580: $? = 0
configure:14580: result: yes
configure:14580: checking for sys/timeb.h
configure:14580: result: yes
configure:14592: checking for stdbool.h that conforms to C99
configure:14677: gcc -c -g -O2  conftest.c >&5
configure:14677: $? = 0
configure:14684: result: yes
configure:14686: checking for _Bool
configure:14686: gcc -c -g -O2  conftest.c >&5
configure:14686: $? = 0
configure:14686: gcc -c -g -O2  conftest.c >&5
conftest.c: In function 'main':
conftest.c:63:20: error: expected expression before ')' token
configure:14686: $? = 1
configure: failed program was:
| /* confdefs.h */
| #define PACKAGE_NAME "mnetlib"
| #define PACKAGE_TARNAME "mnetlib"
| #define PACKAGE_VERSION "0.2.0"
| #define PACKAGE_STRING "mnetlib 0.2.0"
| #define PACKAGE_BUGREPORT "mnetlib@googlecode.com"
| #define PACKAGE_URL ""
| #define PACKAGE "mnetlib"
| #define VERSION "0.2.0"
| #define STDC_HEADERS 1
| #define HAVE_SYS_TYPES_H 1
| #define HAVE_SYS_STAT_H 1
| #define HAVE_STDLIB_H 1
| #define HAVE_STRING_H 1
| #define HAVE_MEMORY_H 1
| #define HAVE_STRINGS_H 1
| #define HAVE_INTTYPES_H 1
| #define HAVE_STDINT_H 1
| #define HAVE_UNISTD_H 1
| #define HAVE_DLFCN_H 1
| #define LT_OBJDIR ".libs/"
| #define STDC_HEADERS 1
| #define HAVE_STDLIB_H 1
| #define HAVE_SYS_TIME_H 1
| #define HAVE_SYS_TIMEB_H 1
| /* end confdefs.h.  */
| #include <stdio.h>
| #ifdef HAVE_SYS_TYPES_H
| # include <sys/types.h>
| #endif
| #ifdef HAVE_SYS_STAT_H
| # include <sys/stat.h>
| #endif
| #ifdef STDC_HEADERS
| # include <stdlib.h>
| # include <stddef.h>
| #else
| # ifdef HAVE_STDLIB_H
| #  include <stdlib.h>
| # endif
| #endif
| #ifdef HAVE_STRING_H
| # if !defined STDC_HEADERS && defined HAVE_MEMORY_H
| #  include <memory.h>
| # endif
| # include <string.h>
| #endif
| #ifdef HAVE_STRINGS_H
| # include <strings.h>
| #endif
| #ifdef HAVE_INTTYPES_H
| # include <inttypes.h>
| #endif
| #ifdef HAVE_STDINT_H
| # include <stdint.h>
| #endif
| #ifdef HAVE_UNISTD_H
| # include <unistd.h>
| #endif
| int
| main ()
| {
| if (sizeof ((_Bool)))
| 	    return 0;
|   ;
|   return 0;
| }
configure:14686: result: yes
configure:14702: checking for an ANSI C-conforming const
configure:14767: gcc -c -g -O2  conftest.c >&5
configure:14767: $? = 0
configure:14774: result: yes
configure:14784: checking for error_at_line
configure:14800: gcc -o conftest -g -O2   conftest.c  >&5
configure:14800: $? = 0
configure:14808: result: yes
configure:14821: checking for stdlib.h
configure:14821: result: yes
configure:14831: checking for GNU libc compatible malloc
configure:14855: gcc -o conftest -g -O2   conftest.c  >&5
configure:14855: $? = 0
configure:14855: ./conftest
configure:14855: $? = 0
configure:14865: result: yes
configure:14889: checking for ftime
configure:14889: gcc -o conftest -g -O2   conftest.c  >&5
configure:14889: $? = 0
configure:14889: result: yes
configure:14889: checking for sqrt
configure:14889: gcc -o conftest -g -O2   conftest.c  >&5
conftest.c:55:6: warning: conflicting types for built-in function 'sqrt'
/tmp/ccsPQuGM.o: In function `main':
/home/totoro/workspace/mnetlib1/conftest.c:66: undefined reference to `sqrt'
collect2: ld returned 1 exit status
configure:14889: $? = 1
configure: failed program was:
| /* confdefs.h */
| #define PACKAGE_NAME "mnetlib"
| #define PACKAGE_TARNAME "mnetlib"
| #define PACKAGE_VERSION "0.2.0"
| #define PACKAGE_STRING "mnetlib 0.2.0"
| #define PACKAGE_BUGREPORT "mnetlib@googlecode.com"
| #define PACKAGE_URL ""
| #define PACKAGE "mnetlib"
| #define VERSION "0.2.0"
| #define STDC_HEADERS 1
| #define HAVE_SYS_TYPES_H 1
| #define HAVE_SYS_STAT_H 1
| #define HAVE_STDLIB_H 1
| #define HAVE_STRING_H 1
| #define HAVE_MEMORY_H 1
| #define HAVE_STRINGS_H 1
| #define HAVE_INTTYPES_H 1
| #define HAVE_STDINT_H 1
| #define HAVE_UNISTD_H 1
| #define HAVE_DLFCN_H 1
| #define LT_OBJDIR ".libs/"
| #define STDC_HEADERS 1
| #define HAVE_STDLIB_H 1
| #define HAVE_SYS_TIME_H 1
| #define HAVE_SYS_TIMEB_H 1
| #define HAVE__BOOL 1
| #define HAVE_STDBOOL_H 1
| #define HAVE_STDLIB_H 1
| #define HAVE_MALLOC 1
| #define HAVE_FTIME 1
| /* end confdefs.h.  */
| /* Define sqrt to an innocuous variant, in case <limits.h> declares sqrt.
|    For example, HP-UX 11i <limits.h> declares gettimeofday.  */
| #define sqrt innocuous_sqrt
| 
| /* System header to define __stub macros and hopefully few prototypes,
|     which can conflict with char sqrt (); below.
|     Prefer <limits.h> to <assert.h> if __STDC__ is defined, since
|     <limits.h> exists even on freestanding compilers.  */
| 
| #ifdef __STDC__
| # include <limits.h>
| #else
| # include <assert.h>
| #endif
| 
| #undef sqrt
| 
| /* Override any GCC internal prototype to avoid an error.
|    Use char because int might match the return type of a GCC
|    builtin and then its argument prototype would still apply.  */
| #ifdef __cplusplus
| extern "C"
| #endif
| char sqrt ();
| /* The GNU C library defines this for functions which it implements
|     to always fail with ENOSYS.  Some functions are actually named
|     something starting with __ and the normal name is an alias.  */
| #if defined __stub_sqrt || defined __stub___sqrt
| choke me
| #endif
| 
| int
| main ()
| {
| return sqrt ();
|   ;
|   return 0;
| }
configure:14889: result: no
configure:15028: creating ./config.status

## ---------------------- ##
## Running config.status. ##
## ---------------------- ##

This file was extended by mnetlib config.status 0.2.0, which was
generated by GNU Autoconf 2.67.  Invocation command line was

  CONFIG_FILES    = 
  CONFIG_HEADERS  = 
  CONFIG_LINKS    = 
  CONFIG_COMMANDS = 
  $ ./config.status 

on fuso

config.status:1142: creating Makefile
config.status:1142: creating lib/Makefile
config.status:1142: creating lib/src/Makefile
config.status:1142: creating test/Makefile
config.status:1142: creating config.h
config.status:1370: executing depfiles commands
config.status:1370: executing libtool commands

## ---------------- ##
## Cache variables. ##
## ---------------- ##

ac_cv_build=x86_64-unknown-linux-gnu
ac_cv_c_compiler_gnu=yes
ac_cv_c_const=yes
ac_cv_cxx_compiler_gnu=yes
ac_cv_env_CCC_set=
ac_cv_env_CCC_value=
ac_cv_env_CC_set=
ac_cv_env_CC_value=
ac_cv_env_CFLAGS_set=
ac_cv_env_CFLAGS_value=
ac_cv_env_CPPFLAGS_set=
ac_cv_env_CPPFLAGS_value=
ac_cv_env_CPP_set=
ac_cv_env_CPP_value=
ac_cv_env_CXXCPP_set=
ac_cv_env_CXXCPP_value=
ac_cv_env_CXXFLAGS_set=
ac_cv_env_CXXFLAGS_value=
ac_cv_env_CXX_set=
ac_cv_env_CXX_value=
ac_cv_env_LDFLAGS_set=
ac_cv_env_LDFLAGS_value=
ac_cv_env_LIBS_set=
ac_cv_env_LIBS_value=
ac_cv_env_build_alias_set=
ac_cv_env_build_alias_value=
ac_cv_env_host_alias_set=
ac_cv_env_host_alias_value=
ac_cv_env_target_alias_set=
ac_cv_env_target_alias_value=
ac_cv_func_ftime=yes
ac_cv_func_malloc_0_nonnull=yes
ac_cv_func_sqrt=no
ac_cv_header_dlfcn_h=yes
ac_cv_header_inttypes_h=yes
ac_cv_header_memory_h=yes
ac_cv_header_stdbool_h=yes
ac_cv_header_stdc=yes
ac_cv_header_stdint_h=yes
ac_cv_header_stdlib_h=yes
ac_cv_header_string_h=yes
ac_cv_header_strings_h=yes
ac_cv_header_sys_stat_h=yes
ac_cv_header_sys_time_h=yes
ac_cv_header_sys_timeb_h=yes
ac_cv_header_sys_types_h=yes
ac_cv_header_unistd_h=yes
ac_cv_host=x86_64-unknown-linux-gnu
ac_cv_lib_error_at_line=yes
ac_cv_objext=o
ac_cv_path_EGREP='/bin/grep -E'
ac_cv_path_FGREP='/bin/grep -F'
ac_cv_path_GREP=/bin/grep
ac_cv_path_SED=/bin/sed
ac_cv_path_install='/usr/bin/install -c'
ac_cv_path_mkdir=/bin/mkdir
ac_cv_prog_AWK=mawk
ac_cv_prog_CPP='gcc -E'
ac_cv_prog_CXXCPP='g++ -E'
ac_cv_prog_ac_ct_AR=ar
ac_cv_prog_ac_ct_CC=gcc
ac_cv_prog_ac_ct_CXX=g++
ac_cv_prog_ac_ct_OBJDUMP=objdump
ac_cv_prog_ac_ct_RANLIB=ranlib
ac_cv_prog_ac_ct_STRIP=strip
ac_cv_prog_cc_c89=
ac_cv_prog_cc_g=yes
ac_cv_prog_cxx_g=yes
ac_cv_prog_make_make_set=yes
ac_cv_type__Bool=yes
am_cv_CC_dependencies_compiler_type=gcc3
am_cv_CXX_dependencies_compiler_type=gcc3
lt_cv_deplibs_check_method=pass_all
lt_cv_file_magic_cmd='$MAGIC_CMD'
lt_cv_file_magic_test_file=
lt_cv_ld_reload_flag=-r
lt_cv_nm_interface='BSD nm'
lt_cv_objdir=.libs
lt_cv_path_LD=/usr/bin/ld
lt_cv_path_LDCXX='/usr/bin/ld -m elf_x86_64'
lt_cv_path_NM='/usr/bin/nm -B'
lt_cv_prog_compiler_c_o=yes
lt_cv_prog_compiler_c_o_CXX=yes
lt_cv_prog_compiler_pic_works=yes
lt_cv_prog_compiler_pic_works_CXX=yes
lt_cv_prog_compiler_rtti_exceptions=no
lt_cv_prog_compiler_static_works=yes
lt_cv_prog_compiler_static_works_CXX=yes
lt_cv_prog_gnu_ld=yes
lt_cv_prog_gnu_ldcxx=yes
lt_cv_sys_global_symbol_pipe='sed -n -e '\''s/^.*[	 ]\([ABCDGIRSTW][ABCDGIRSTW]*\)[	 ][	 ]*\([_A-Za-z][_A-Za-z0-9]*\)$/\1 \2 \2/p'\'''
lt_cv_sys_global_symbol_to_c_name_address='sed -n -e '\''s/^: \([^ ]*\) $/  {\"\1\", (void *) 0},/p'\'' -e '\''s/^[ABCDGIRSTW]* \([^ ]*\) \([^ ]*\)$/  {"\2", (void *) \&\2},/p'\'''
lt_cv_sys_global_symbol_to_c_name_address_lib_prefix='sed -n -e '\''s/^: \([^ ]*\) $/  {\"\1\", (void *) 0},/p'\'' -e '\''s/^[ABCDGIRSTW]* \([^ ]*\) \(lib[^ ]*\)$/  {"\2", (void *) \&\2},/p'\'' -e '\''s/^[ABCDGIRSTW]* \([^ ]*\) \([^ ]*\)$/  {"lib\2", (void *) \&\2},/p'\'''
lt_cv_sys_global_symbol_to_cdecl='sed -n -e '\''s/^T .* \(.*\)$/extern int \1();/p'\'' -e '\''s/^[ABCDGIRSTW]* .* \(.*\)$/extern char \1;/p'\'''
lt_cv_sys_max_cmd_len=1572864

## ----------------- ##
## Output variables. ##
## ----------------- ##

ACLOCAL='${SHELL} /home/totoro/workspace/mnetlib1/config/missing --run aclocal-1.11'
AMDEPBACKSLASH='\'
AMDEP_FALSE='#'
AMDEP_TRUE=''
AMTAR='${SHELL} /home/totoro/workspace/mnetlib1/config/missing --run tar'
AR='ar'
AUTOCONF='${SHELL} /home/totoro/workspace/mnetlib1/config/missing --run autoconf'
AUTOHEADER='${SHELL} /home/totoro/workspace/mnetlib1/config/missing --run autoheader'
AUTOMAKE='${SHELL} /home/totoro/workspace/mnetlib1/config/missing --run automake-1.11'
AWK='mawk'
CC='gcc'
CCDEPMODE='depmode=gcc3'
CFLAGS='-g -O2'
CPP='gcc -E'
CPPFLAGS=''
CXX='g++'
CXXCPP='g++ -E'
CXXDEPMODE='depmode=gcc3'
CXXFLAGS='-g -O2'
CYGPATH_W='echo'
DEFS='-DHAVE_CONFIG_H'
DEPDIR='.deps'
DSYMUTIL=''
DUMPBIN=''
ECHO_C=''
ECHO_N='-n'
ECHO_T=''
EGREP='/bin/grep -E'
EXEEXT=''
FGREP='/bin/grep -F'
GREP='/bin/grep'
INSTALL_DATA='${INSTALL} -m 644'
INSTALL_PROGRAM='${INSTALL}'
INSTALL_SCRIPT='${INSTALL}'
INSTALL_STRIP_PROGRAM='$(install_sh) -c -s'
LD='/usr/bin/ld -m elf_x86_64'
LDFLAGS=''
LIBOBJS=''
LIBS=''
LIBTOOL='$(SHELL) $(top_builddir)/libtool'
LIPO=''
LN_S='ln -s'
LTLIBOBJS=''
MAKEINFO='${SHELL} /home/totoro/workspace/mnetlib1/config/missing --run makeinfo'
MKDIR_P='/bin/mkdir -p'
NM='/usr/bin/nm -B'
NMEDIT=''
OBJDUMP='objdump'
OBJEXT='o'
OTOOL64=''
OTOOL=''
PACKAGE='mnetlib'
PACKAGE_BUGREPORT='mnetlib@googlecode.com'
PACKAGE_NAME='mnetlib'
PACKAGE_STRING='mnetlib 0.2.0'
PACKAGE_TARNAME='mnetlib'
PACKAGE_URL=''
PACKAGE_VERSION='0.2.0'
PATH_SEPARATOR=':'
RANLIB='ranlib'
SED='/bin/sed'
SET_MAKE=''
SHELL='/bin/bash'
STRIP='strip'
VERSION='0.2.0'
ac_ct_CC='gcc'
ac_ct_CXX='g++'
ac_ct_DUMPBIN=''
am__EXEEXT_FALSE=''
am__EXEEXT_TRUE='#'
am__fastdepCC_FALSE='#'
am__fastdepCC_TRUE=''
am__fastdepCXX_FALSE='#'
am__fastdepCXX_TRUE=''
am__include='include'
am__isrc=''
am__leading_dot='.'
am__quote=''
am__tar='${AMTAR} chof - "$$tardir"'
am__untar='${AMTAR} xf -'
bindir='${exec_prefix}/bin'
build='x86_64-unknown-linux-gnu'
build_alias=''
build_cpu='x86_64'
build_os='linux-gnu'
build_vendor='unknown'
datadir='${datarootdir}'
datarootdir='${prefix}/share'
docdir='${datarootdir}/doc/${PACKAGE_TARNAME}'
dvidir='${docdir}'
exec_prefix='${prefix}'
host='x86_64-unknown-linux-gnu'
host_alias=''
host_cpu='x86_64'
host_os='linux-gnu'
host_vendor='unknown'
htmldir='${docdir}'
includedir='${prefix}/include'
infodir='${datarootdir}/info'
install_sh='${SHELL} /home/totoro/workspace/mnetlib1/config/install-sh'
libdir='${exec_prefix}/lib'
libexecdir='${exec_prefix}/libexec'
localedir='${datarootdir}/locale'
localstatedir='${prefix}/var'
lt_ECHO='echo'
mandir='${datarootdir}/man'
mkdir_p='/bin/mkdir -p'
oldincludedir='/usr/include'
pdfdir='${docdir}'
prefix='/usr/local'
program_transform_name='s,x,x,'
psdir='${docdir}'
sbindir='${exec_prefix}/sbin'
sharedstatedir='${prefix}/com'
sysconfdir='${prefix}/etc'
target_alias=''

## ----------- ##
## confdefs.h. ##
## ----------- ##

/* confdefs.h */
#define PACKAGE_NAME "mnetlib"
#define PACKAGE_TARNAME "mnetlib"
#define PACKAGE_VERSION "0.2.0"
#define PACKAGE_STRING "mnetlib 0.2.0"
#define PACKAGE_BUGREPORT "mnetlib@googlecode.com"
#define PACKAGE_URL ""
#define PACKAGE "mnetlib"
#define VERSION "0.2.0"
#define STDC_HEADERS 1
#define HAVE_SYS_TYPES_H 1
#define HAVE_SYS_STAT_H 1
#define HAVE_STDLIB_H 1
#define HAVE_STRING_H 1
#define HAVE_MEMORY_H 1
#define HAVE_STRINGS_H 1
#define HAVE_INTTYPES_H 1
#define HAVE_STDINT_H 1
#define HAVE_UNISTD_H 1
#define HAVE_DLFCN_H 1
#define LT_OBJDIR ".libs/"
#define STDC_HEADERS 1
#define HAVE_STDLIB_H 1
#define HAVE_SYS_TIME_H 1
#define HAVE_SYS_TIMEB_H 1
#define HAVE__BOOL 1
#define HAVE_STDBOOL_H 1
#define HAVE_STDLIB_H 1
#define HAVE_MALLOC 1
#define HAVE_FTIME 1

configure: exit 0
